[33m13:55:05.004[0;39m [34m[main][0;39m [34m[INFO ][0;39m [35m[o.s.d.r.c.RepositoryConfigurationDelegate][0;39m-Bootstrapping Spring Data MongoDB repositories in DEFAULT mode.
[33m13:55:05.062[0;39m [34m[main][0;39m [34m[INFO ][0;39m [35m[o.s.d.r.c.RepositoryConfigurationDelegate][0;39m-Finished Spring Data repository scanning in 42ms. Found 0 MongoDB repository interfaces.
[33m13:55:05.727[0;39m [34m[main][0;39m [34m[INFO ][0;39m [35m[o.s.b.w.e.tomcat.TomcatWebServer][0;39m-Tomcat initialized with port(s): 8888 (http)
[33m13:55:05.742[0;39m [34m[main][0;39m [34m[INFO ][0;39m [35m[o.a.coyote.http11.Http11NioProtocol][0;39m-Initializing ProtocolHandler ["http-nio-8888"]
[33m13:55:05.743[0;39m [34m[main][0;39m [34m[INFO ][0;39m [35m[o.a.catalina.core.StandardService][0;39m-Starting service [Tomcat]
[33m13:55:05.743[0;39m [34m[main][0;39m [34m[INFO ][0;39m [35m[o.a.catalina.core.StandardEngine][0;39m-Starting Servlet engine: [Apache Tomcat/9.0.31]
[33m13:55:05.846[0;39m [34m[main][0;39m [34m[INFO ][0;39m [35m[o.a.c.c.C.[.[localhost].[/bcloud]][0;39m-Initializing Spring embedded WebApplicationContext
[33m13:55:05.846[0;39m [34m[main][0;39m [34m[INFO ][0;39m [35m[o.s.web.context.ContextLoader][0;39m-Root WebApplicationContext: initialization completed in 1835 ms
[33m13:55:06.291[0;39m [34m[main][0;39m [34m[INFO ][0;39m [35m[o.s.s.c.ThreadPoolTaskExecutor][0;39m-Initializing ExecutorService 'applicationTaskExecutor'
[33m13:55:06.598[0;39m [34m[main][0;39m [34m[INFO ][0;39m [35m[o.a.coyote.http11.Http11NioProtocol][0;39m-Starting ProtocolHandler ["http-nio-8888"]
[33m13:55:06.636[0;39m [34m[main][0;39m [34m[INFO ][0;39m [35m[o.a.coyote.http11.Http11NioProtocol][0;39m-Pausing ProtocolHandler ["http-nio-8888"]
[33m13:55:06.636[0;39m [34m[main][0;39m [34m[INFO ][0;39m [35m[o.a.catalina.core.StandardService][0;39m-Stopping service [Tomcat]
[33m13:55:06.643[0;39m [34m[main][0;39m [34m[INFO ][0;39m [35m[o.a.coyote.http11.Http11NioProtocol][0;39m-Stopping ProtocolHandler ["http-nio-8888"]
[33m13:55:06.644[0;39m [34m[main][0;39m [34m[INFO ][0;39m [35m[o.a.coyote.http11.Http11NioProtocol][0;39m-Destroying ProtocolHandler ["http-nio-8888"]
[33m13:55:06.647[0;39m [34m[main][0;39m [34m[INFO ][0;39m [35m[o.s.b.a.l.ConditionEvaluationReportLoggingListener][0;39m-

Error starting ApplicationContext. To display the conditions report re-run your application with 'debug' enabled.
[33m13:55:06.652[0;39m [34m[main][0;39m [1;31m[ERROR][0;39m [35m[o.s.b.d.LoggingFailureAnalysisReporter][0;39m-

***************************
APPLICATION FAILED TO START
***************************

Description:

Web server failed to start. Port 8888 was already in use.

Action:

Identify and stop the process that's listening on port 8888 or configure this application to listen on another port.

[33m13:55:06.655[0;39m [34m[main][0;39m [34m[INFO ][0;39m [35m[o.s.s.c.ThreadPoolTaskExecutor][0;39m-Shutting down ExecutorService 'applicationTaskExecutor'
[33m13:55:44.780[0;39m [34m[main][0;39m [34m[INFO ][0;39m [35m[o.s.d.r.c.RepositoryConfigurationDelegate][0;39m-Bootstrapping Spring Data MongoDB repositories in DEFAULT mode.
[33m13:55:44.828[0;39m [34m[main][0;39m [34m[INFO ][0;39m [35m[o.s.d.r.c.RepositoryConfigurationDelegate][0;39m-Finished Spring Data repository scanning in 39ms. Found 0 MongoDB repository interfaces.
[33m13:55:45.205[0;39m [34m[main][0;39m [34m[INFO ][0;39m [35m[o.s.b.w.e.tomcat.TomcatWebServer][0;39m-Tomcat initialized with port(s): 8888 (http)
[33m13:55:45.213[0;39m [34m[main][0;39m [34m[INFO ][0;39m [35m[o.a.coyote.http11.Http11NioProtocol][0;39m-Initializing ProtocolHandler ["http-nio-8888"]
[33m13:55:45.213[0;39m [34m[main][0;39m [34m[INFO ][0;39m [35m[o.a.catalina.core.StandardService][0;39m-Starting service [Tomcat]
[33m13:55:45.214[0;39m [34m[main][0;39m [34m[INFO ][0;39m [35m[o.a.catalina.core.StandardEngine][0;39m-Starting Servlet engine: [Apache Tomcat/9.0.31]
[33m13:55:45.271[0;39m [34m[main][0;39m [34m[INFO ][0;39m [35m[o.a.c.c.C.[.[localhost].[/bcloud]][0;39m-Initializing Spring embedded WebApplicationContext
[33m13:55:45.271[0;39m [34m[main][0;39m [34m[INFO ][0;39m [35m[o.s.web.context.ContextLoader][0;39m-Root WebApplicationContext: initialization completed in 1084 ms
[33m13:55:45.592[0;39m [34m[main][0;39m [34m[INFO ][0;39m [35m[o.s.s.c.ThreadPoolTaskExecutor][0;39m-Initializing ExecutorService 'applicationTaskExecutor'
[33m13:55:45.746[0;39m [34m[main][0;39m [34m[INFO ][0;39m [35m[o.a.coyote.http11.Http11NioProtocol][0;39m-Starting ProtocolHandler ["http-nio-8888"]
[33m13:55:45.785[0;39m [34m[main][0;39m [34m[INFO ][0;39m [35m[o.s.b.w.e.tomcat.TomcatWebServer][0;39m-Tomcat started on port(s): 8888 (http) with context path '/bcloud'
[33m13:56:05.957[0;39m [34m[http-nio-8888-exec-2][0;39m [34m[INFO ][0;39m [35m[o.a.c.c.C.[.[localhost].[/bcloud]][0;39m-Initializing Spring DispatcherServlet 'dispatcherServlet'
[33m13:56:05.957[0;39m [34m[http-nio-8888-exec-2][0;39m [34m[INFO ][0;39m [35m[o.s.web.servlet.DispatcherServlet][0;39m-Initializing Servlet 'dispatcherServlet'
[33m13:56:05.965[0;39m [34m[http-nio-8888-exec-2][0;39m [34m[INFO ][0;39m [35m[o.s.web.servlet.DispatcherServlet][0;39m-Completed initialization in 8 ms
[33m13:56:06.479[0;39m [34m[http-nio-8888-exec-2][0;39m [34m[INFO ][0;39m [35m[org.mongodb.driver.cluster][0;39m-Cluster created with settings {hosts=[localhost:27017], mode=SINGLE, requiredClusterType=UNKNOWN, serverSelectionTimeout='30000 ms', maxWaitQueueSize=500}
[33m13:56:06.532[0;39m [34m[http-nio-8888-exec-2][0;39m [34m[INFO ][0;39m [35m[org.mongodb.driver.cluster][0;39m-Cluster created with settings {hosts=[localhost:27017], mode=SINGLE, requiredClusterType=UNKNOWN, serverSelectionTimeout='30000 ms', maxWaitQueueSize=500}
[33m13:56:06.654[0;39m [34m[cluster-ClusterId{value='5e8eb8f6fc52a054de058849', description='null'}-localhost:27017][0;39m [34m[INFO ][0;39m [35m[org.mongodb.driver.connection][0;39m-Opened connection [connectionId{localValue:1, serverValue:2}] to localhost:27017
[33m13:56:06.654[0;39m [34m[cluster-ClusterId{value='5e8eb8f6fc52a054de05884a', description='null'}-localhost:27017][0;39m [34m[INFO ][0;39m [35m[org.mongodb.driver.connection][0;39m-Opened connection [connectionId{localValue:2, serverValue:1}] to localhost:27017
[33m13:56:06.666[0;39m [34m[cluster-ClusterId{value='5e8eb8f6fc52a054de05884a', description='null'}-localhost:27017][0;39m [34m[INFO ][0;39m [35m[org.mongodb.driver.cluster][0;39m-Monitor thread successfully connected to server with description ServerDescription{address=localhost:27017, type=STANDALONE, state=CONNECTED, ok=true, version=ServerVersion{versionList=[4, 2, 3]}, minWireVersion=0, maxWireVersion=8, maxDocumentSize=16777216, logicalSessionTimeoutMinutes=30, roundTripTimeNanos=8255623}
[33m13:56:06.666[0;39m [34m[cluster-ClusterId{value='5e8eb8f6fc52a054de058849', description='null'}-localhost:27017][0;39m [34m[INFO ][0;39m [35m[org.mongodb.driver.cluster][0;39m-Monitor thread successfully connected to server with description ServerDescription{address=localhost:27017, type=STANDALONE, state=CONNECTED, ok=true, version=ServerVersion{versionList=[4, 2, 3]}, minWireVersion=0, maxWireVersion=8, maxDocumentSize=16777216, logicalSessionTimeoutMinutes=30, roundTripTimeNanos=8429757}
[33m13:56:06.820[0;39m [34m[http-nio-8888-exec-2][0;39m [34m[INFO ][0;39m [35m[org.mongodb.driver.cluster][0;39m-Cluster created with settings {hosts=[localhost:27017], mode=SINGLE, requiredClusterType=UNKNOWN, serverSelectionTimeout='30000 ms', maxWaitQueueSize=500}
[33m13:56:06.826[0;39m [34m[cluster-ClusterId{value='5e8eb8f6fc52a054de05884b', description='null'}-localhost:27017][0;39m [34m[INFO ][0;39m [35m[org.mongodb.driver.connection][0;39m-Opened connection [connectionId{localValue:3, serverValue:3}] to localhost:27017
[33m13:56:06.828[0;39m [34m[cluster-ClusterId{value='5e8eb8f6fc52a054de05884b', description='null'}-localhost:27017][0;39m [34m[INFO ][0;39m [35m[org.mongodb.driver.cluster][0;39m-Monitor thread successfully connected to server with description ServerDescription{address=localhost:27017, type=STANDALONE, state=CONNECTED, ok=true, version=ServerVersion{versionList=[4, 2, 3]}, minWireVersion=0, maxWireVersion=8, maxDocumentSize=16777216, logicalSessionTimeoutMinutes=30, roundTripTimeNanos=1789598}
[33m13:56:06.922[0;39m [34m[http-nio-8888-exec-2][0;39m [34m[INFO ][0;39m [35m[org.mongodb.driver.connection][0;39m-Opened connection [connectionId{localValue:4, serverValue:4}] to localhost:27017
[33m13:59:18.751[0;39m [34m[SpringContextShutdownHook][0;39m [34m[INFO ][0;39m [35m[o.s.s.c.ThreadPoolTaskExecutor][0;39m-Shutting down ExecutorService 'applicationTaskExecutor'
[33m13:59:39.397[0;39m [34m[main][0;39m [34m[INFO ][0;39m [35m[o.s.d.r.c.RepositoryConfigurationDelegate][0;39m-Bootstrapping Spring Data MongoDB repositories in DEFAULT mode.
[33m13:59:39.425[0;39m [34m[main][0;39m [34m[INFO ][0;39m [35m[o.s.d.r.c.RepositoryConfigurationDelegate][0;39m-Finished Spring Data repository scanning in 22ms. Found 0 MongoDB repository interfaces.
[33m13:59:39.820[0;39m [34m[main][0;39m [34m[INFO ][0;39m [35m[o.s.b.w.e.tomcat.TomcatWebServer][0;39m-Tomcat initialized with port(s): 8888 (http)
[33m13:59:39.828[0;39m [34m[main][0;39m [34m[INFO ][0;39m [35m[o.a.coyote.http11.Http11NioProtocol][0;39m-Initializing ProtocolHandler ["http-nio-8888"]
[33m13:59:39.829[0;39m [34m[main][0;39m [34m[INFO ][0;39m [35m[o.a.catalina.core.StandardService][0;39m-Starting service [Tomcat]
[33m13:59:39.829[0;39m [34m[main][0;39m [34m[INFO ][0;39m [35m[o.a.catalina.core.StandardEngine][0;39m-Starting Servlet engine: [Apache Tomcat/9.0.31]
[33m13:59:39.900[0;39m [34m[main][0;39m [34m[INFO ][0;39m [35m[o.a.c.c.C.[.[localhost].[/bcloud]][0;39m-Initializing Spring embedded WebApplicationContext
[33m13:59:39.900[0;39m [34m[main][0;39m [34m[INFO ][0;39m [35m[o.s.web.context.ContextLoader][0;39m-Root WebApplicationContext: initialization completed in 1102 ms
[33m13:59:40.188[0;39m [34m[main][0;39m [34m[INFO ][0;39m [35m[o.s.s.c.ThreadPoolTaskExecutor][0;39m-Initializing ExecutorService 'applicationTaskExecutor'
[33m13:59:40.357[0;39m [34m[main][0;39m [34m[INFO ][0;39m [35m[o.a.coyote.http11.Http11NioProtocol][0;39m-Starting ProtocolHandler ["http-nio-8888"]
[33m13:59:40.398[0;39m [34m[main][0;39m [34m[INFO ][0;39m [35m[o.s.b.w.e.tomcat.TomcatWebServer][0;39m-Tomcat started on port(s): 8888 (http) with context path '/bcloud'
[33m13:59:52.815[0;39m [34m[http-nio-8888-exec-1][0;39m [34m[INFO ][0;39m [35m[o.a.c.c.C.[.[localhost].[/bcloud]][0;39m-Initializing Spring DispatcherServlet 'dispatcherServlet'
[33m13:59:52.815[0;39m [34m[http-nio-8888-exec-1][0;39m [34m[INFO ][0;39m [35m[o.s.web.servlet.DispatcherServlet][0;39m-Initializing Servlet 'dispatcherServlet'
[33m13:59:52.820[0;39m [34m[http-nio-8888-exec-1][0;39m [34m[INFO ][0;39m [35m[o.s.web.servlet.DispatcherServlet][0;39m-Completed initialization in 5 ms
[33m13:59:53.196[0;39m [34m[http-nio-8888-exec-1][0;39m [34m[INFO ][0;39m [35m[org.mongodb.driver.cluster][0;39m-Cluster created with settings {hosts=[localhost:27017], mode=SINGLE, requiredClusterType=UNKNOWN, serverSelectionTimeout='30000 ms', maxWaitQueueSize=500}
[33m13:59:53.232[0;39m [34m[http-nio-8888-exec-1][0;39m [34m[INFO ][0;39m [35m[org.mongodb.driver.cluster][0;39m-Cluster created with settings {hosts=[localhost:27017], mode=SINGLE, requiredClusterType=UNKNOWN, serverSelectionTimeout='30000 ms', maxWaitQueueSize=500}
[33m13:59:53.276[0;39m [34m[cluster-ClusterId{value='5e8eb9d9beeef074a5c90aa6', description='null'}-localhost:27017][0;39m [34m[INFO ][0;39m [35m[org.mongodb.driver.connection][0;39m-Opened connection [connectionId{localValue:1, serverValue:6}] to localhost:27017
[33m13:59:53.276[0;39m [34m[cluster-ClusterId{value='5e8eb9d9beeef074a5c90aa7', description='null'}-localhost:27017][0;39m [34m[INFO ][0;39m [35m[org.mongodb.driver.connection][0;39m-Opened connection [connectionId{localValue:2, serverValue:5}] to localhost:27017
[33m13:59:53.285[0;39m [34m[cluster-ClusterId{value='5e8eb9d9beeef074a5c90aa6', description='null'}-localhost:27017][0;39m [34m[INFO ][0;39m [35m[org.mongodb.driver.cluster][0;39m-Monitor thread successfully connected to server with description ServerDescription{address=localhost:27017, type=STANDALONE, state=CONNECTED, ok=true, version=ServerVersion{versionList=[4, 2, 3]}, minWireVersion=0, maxWireVersion=8, maxDocumentSize=16777216, logicalSessionTimeoutMinutes=30, roundTripTimeNanos=5516778}
[33m13:59:53.285[0;39m [34m[cluster-ClusterId{value='5e8eb9d9beeef074a5c90aa7', description='null'}-localhost:27017][0;39m [34m[INFO ][0;39m [35m[org.mongodb.driver.cluster][0;39m-Monitor thread successfully connected to server with description ServerDescription{address=localhost:27017, type=STANDALONE, state=CONNECTED, ok=true, version=ServerVersion{versionList=[4, 2, 3]}, minWireVersion=0, maxWireVersion=8, maxDocumentSize=16777216, logicalSessionTimeoutMinutes=30, roundTripTimeNanos=5499052}
[33m13:59:53.391[0;39m [34m[http-nio-8888-exec-1][0;39m [34m[INFO ][0;39m [35m[org.mongodb.driver.cluster][0;39m-Cluster created with settings {hosts=[localhost:27017], mode=SINGLE, requiredClusterType=UNKNOWN, serverSelectionTimeout='30000 ms', maxWaitQueueSize=500}
[33m13:59:53.401[0;39m [34m[cluster-ClusterId{value='5e8eb9d9beeef074a5c90aa8', description='null'}-localhost:27017][0;39m [34m[INFO ][0;39m [35m[org.mongodb.driver.connection][0;39m-Opened connection [connectionId{localValue:3, serverValue:7}] to localhost:27017
[33m13:59:53.403[0;39m [34m[cluster-ClusterId{value='5e8eb9d9beeef074a5c90aa8', description='null'}-localhost:27017][0;39m [34m[INFO ][0;39m [35m[org.mongodb.driver.cluster][0;39m-Monitor thread successfully connected to server with description ServerDescription{address=localhost:27017, type=STANDALONE, state=CONNECTED, ok=true, version=ServerVersion{versionList=[4, 2, 3]}, minWireVersion=0, maxWireVersion=8, maxDocumentSize=16777216, logicalSessionTimeoutMinutes=30, roundTripTimeNanos=1404155}
[33m13:59:53.466[0;39m [34m[http-nio-8888-exec-1][0;39m [34m[INFO ][0;39m [35m[org.mongodb.driver.connection][0;39m-Opened connection [connectionId{localValue:4, serverValue:8}] to localhost:27017
[33m14:01:16.040[0;39m [34m[SpringContextShutdownHook][0;39m [34m[INFO ][0;39m [35m[o.s.s.c.ThreadPoolTaskExecutor][0;39m-Shutting down ExecutorService 'applicationTaskExecutor'
[33m14:40:45.442[0;39m [34m[main][0;39m [34m[INFO ][0;39m [35m[o.s.d.r.c.RepositoryConfigurationDelegate][0;39m-Bootstrapping Spring Data MongoDB repositories in DEFAULT mode.
[33m14:40:45.478[0;39m [34m[main][0;39m [34m[INFO ][0;39m [35m[o.s.d.r.c.RepositoryConfigurationDelegate][0;39m-Finished Spring Data repository scanning in 27ms. Found 0 MongoDB repository interfaces.
[33m14:40:45.715[0;39m [34m[main][0;39m [34m[INFO ][0;39m [35m[o.s.c.a.ConfigurationClassEnhancer][0;39m-@Bean method SpringDocConfiguration.springdocBeanFactoryPostProcessor is non-static and returns an object assignable to Spring's BeanFactoryPostProcessor interface. This will result in a failure to process annotations such as @Autowired, @Resource and @PostConstruct within the method's declaring @Configuration class. Add the 'static' modifier to this method to avoid these container lifecycle issues; see @Bean javadoc for complete details.
[33m14:40:46.024[0;39m [34m[main][0;39m [34m[INFO ][0;39m [35m[o.s.b.w.e.tomcat.TomcatWebServer][0;39m-Tomcat initialized with port(s): 8888 (http)
[33m14:40:46.035[0;39m [34m[main][0;39m [34m[INFO ][0;39m [35m[o.a.coyote.http11.Http11NioProtocol][0;39m-Initializing ProtocolHandler ["http-nio-8888"]
[33m14:40:46.036[0;39m [34m[main][0;39m [34m[INFO ][0;39m [35m[o.a.catalina.core.StandardService][0;39m-Starting service [Tomcat]
[33m14:40:46.036[0;39m [34m[main][0;39m [34m[INFO ][0;39m [35m[o.a.catalina.core.StandardEngine][0;39m-Starting Servlet engine: [Apache Tomcat/9.0.31]
[33m14:40:46.135[0;39m [34m[main][0;39m [34m[INFO ][0;39m [35m[o.a.c.c.C.[.[localhost].[/bcloud]][0;39m-Initializing Spring embedded WebApplicationContext
[33m14:40:46.136[0;39m [34m[main][0;39m [34m[INFO ][0;39m [35m[o.s.web.context.ContextLoader][0;39m-Root WebApplicationContext: initialization completed in 1493 ms
[33m14:40:46.613[0;39m [34m[main][0;39m [34m[INFO ][0;39m [35m[o.s.s.c.ThreadPoolTaskExecutor][0;39m-Initializing ExecutorService 'applicationTaskExecutor'
[33m14:40:47.285[0;39m [34m[main][0;39m [34m[INFO ][0;39m [35m[o.a.coyote.http11.Http11NioProtocol][0;39m-Starting ProtocolHandler ["http-nio-8888"]
[33m14:40:47.344[0;39m [34m[main][0;39m [34m[INFO ][0;39m [35m[o.s.b.w.e.tomcat.TomcatWebServer][0;39m-Tomcat started on port(s): 8888 (http) with context path '/bcloud'
[33m14:40:59.648[0;39m [34m[http-nio-8888-exec-1][0;39m [34m[INFO ][0;39m [35m[o.a.c.c.C.[.[localhost].[/bcloud]][0;39m-Initializing Spring DispatcherServlet 'dispatcherServlet'
[33m14:40:59.648[0;39m [34m[http-nio-8888-exec-1][0;39m [34m[INFO ][0;39m [35m[o.s.web.servlet.DispatcherServlet][0;39m-Initializing Servlet 'dispatcherServlet'
[33m14:40:59.655[0;39m [34m[http-nio-8888-exec-1][0;39m [34m[INFO ][0;39m [35m[o.s.web.servlet.DispatcherServlet][0;39m-Completed initialization in 7 ms
[33m14:41:00.610[0;39m [34m[http-nio-8888-exec-9][0;39m [34m[INFO ][0;39m [35m[o.s.api.AbstractOpenApiResource][0;39m-Init duration for springdoc-openapi is: 491 ms
[33m14:45:12.365[0;39m [34m[SpringContextShutdownHook][0;39m [34m[INFO ][0;39m [35m[o.s.s.c.ThreadPoolTaskExecutor][0;39m-Shutting down ExecutorService 'applicationTaskExecutor'
[33m14:45:19.695[0;39m [34m[main][0;39m [34m[INFO ][0;39m [35m[o.s.d.r.c.RepositoryConfigurationDelegate][0;39m-Bootstrapping Spring Data MongoDB repositories in DEFAULT mode.
[33m14:45:19.758[0;39m [34m[main][0;39m [34m[INFO ][0;39m [35m[o.s.d.r.c.RepositoryConfigurationDelegate][0;39m-Finished Spring Data repository scanning in 53ms. Found 0 MongoDB repository interfaces.
[33m14:45:20.418[0;39m [34m[main][0;39m [34m[INFO ][0;39m [35m[o.s.c.a.ConfigurationClassEnhancer][0;39m-@Bean method SpringDocConfiguration.springdocBeanFactoryPostProcessor is non-static and returns an object assignable to Spring's BeanFactoryPostProcessor interface. This will result in a failure to process annotations such as @Autowired, @Resource and @PostConstruct within the method's declaring @Configuration class. Add the 'static' modifier to this method to avoid these container lifecycle issues; see @Bean javadoc for complete details.
[33m14:45:20.773[0;39m [34m[main][0;39m [34m[INFO ][0;39m [35m[o.s.b.w.e.tomcat.TomcatWebServer][0;39m-Tomcat initialized with port(s): 8888 (http)
[33m14:45:20.804[0;39m [34m[main][0;39m [34m[INFO ][0;39m [35m[o.a.coyote.http11.Http11NioProtocol][0;39m-Initializing ProtocolHandler ["http-nio-8888"]
[33m14:45:20.806[0;39m [34m[main][0;39m [34m[INFO ][0;39m [35m[o.a.catalina.core.StandardService][0;39m-Starting service [Tomcat]
[33m14:45:20.808[0;39m [34m[main][0;39m [34m[INFO ][0;39m [35m[o.a.catalina.core.StandardEngine][0;39m-Starting Servlet engine: [Apache Tomcat/9.0.31]
[33m14:45:20.957[0;39m [34m[main][0;39m [34m[INFO ][0;39m [35m[o.a.c.c.C.[.[localhost].[/bcloud]][0;39m-Initializing Spring embedded WebApplicationContext
[33m14:45:20.958[0;39m [34m[main][0;39m [34m[INFO ][0;39m [35m[o.s.web.context.ContextLoader][0;39m-Root WebApplicationContext: initialization completed in 2330 ms
[33m14:45:21.816[0;39m [34m[main][0;39m [34m[INFO ][0;39m [35m[o.s.s.c.ThreadPoolTaskExecutor][0;39m-Initializing ExecutorService 'applicationTaskExecutor'
[33m14:45:22.616[0;39m [34m[main][0;39m [34m[INFO ][0;39m [35m[o.a.coyote.http11.Http11NioProtocol][0;39m-Starting ProtocolHandler ["http-nio-8888"]
[33m14:45:22.660[0;39m [34m[main][0;39m [34m[INFO ][0;39m [35m[o.s.b.w.e.tomcat.TomcatWebServer][0;39m-Tomcat started on port(s): 8888 (http) with context path '/bcloud'
[33m14:45:41.608[0;39m [34m[SpringContextShutdownHook][0;39m [34m[INFO ][0;39m [35m[o.s.s.c.ThreadPoolTaskExecutor][0;39m-Shutting down ExecutorService 'applicationTaskExecutor'
[33m14:45:46.989[0;39m [34m[main][0;39m [34m[INFO ][0;39m [35m[o.s.d.r.c.RepositoryConfigurationDelegate][0;39m-Bootstrapping Spring Data MongoDB repositories in DEFAULT mode.
[33m14:45:47.017[0;39m [34m[main][0;39m [34m[INFO ][0;39m [35m[o.s.d.r.c.RepositoryConfigurationDelegate][0;39m-Finished Spring Data repository scanning in 23ms. Found 0 MongoDB repository interfaces.
[33m14:45:47.239[0;39m [34m[main][0;39m [34m[INFO ][0;39m [35m[o.s.c.a.ConfigurationClassEnhancer][0;39m-@Bean method SpringDocConfiguration.springdocBeanFactoryPostProcessor is non-static and returns an object assignable to Spring's BeanFactoryPostProcessor interface. This will result in a failure to process annotations such as @Autowired, @Resource and @PostConstruct within the method's declaring @Configuration class. Add the 'static' modifier to this method to avoid these container lifecycle issues; see @Bean javadoc for complete details.
[33m14:45:47.501[0;39m [34m[main][0;39m [34m[INFO ][0;39m [35m[o.s.b.w.e.tomcat.TomcatWebServer][0;39m-Tomcat initialized with port(s): 8888 (http)
[33m14:45:47.513[0;39m [34m[main][0;39m [34m[INFO ][0;39m [35m[o.a.coyote.http11.Http11NioProtocol][0;39m-Initializing ProtocolHandler ["http-nio-8888"]
[33m14:45:47.514[0;39m [34m[main][0;39m [34m[INFO ][0;39m [35m[o.a.catalina.core.StandardService][0;39m-Starting service [Tomcat]
[33m14:45:47.514[0;39m [34m[main][0;39m [34m[INFO ][0;39m [35m[o.a.catalina.core.StandardEngine][0;39m-Starting Servlet engine: [Apache Tomcat/9.0.31]
[33m14:45:47.613[0;39m [34m[main][0;39m [34m[INFO ][0;39m [35m[o.a.c.c.C.[.[localhost].[/bcloud]][0;39m-Initializing Spring embedded WebApplicationContext
[33m14:45:47.613[0;39m [34m[main][0;39m [34m[INFO ][0;39m [35m[o.s.web.context.ContextLoader][0;39m-Root WebApplicationContext: initialization completed in 1262 ms
[33m14:45:48.110[0;39m [34m[main][0;39m [34m[INFO ][0;39m [35m[o.s.s.c.ThreadPoolTaskExecutor][0;39m-Initializing ExecutorService 'applicationTaskExecutor'
[33m14:45:49.007[0;39m [34m[main][0;39m [34m[INFO ][0;39m [35m[o.a.coyote.http11.Http11NioProtocol][0;39m-Starting ProtocolHandler ["http-nio-8888"]
[33m14:45:49.049[0;39m [34m[main][0;39m [34m[INFO ][0;39m [35m[o.s.b.w.e.tomcat.TomcatWebServer][0;39m-Tomcat started on port(s): 8888 (http) with context path '/bcloud'
[33m14:45:51.285[0;39m [34m[http-nio-8888-exec-1][0;39m [34m[INFO ][0;39m [35m[o.a.c.c.C.[.[localhost].[/bcloud]][0;39m-Initializing Spring DispatcherServlet 'dispatcherServlet'
[33m14:45:51.285[0;39m [34m[http-nio-8888-exec-1][0;39m [34m[INFO ][0;39m [35m[o.s.web.servlet.DispatcherServlet][0;39m-Initializing Servlet 'dispatcherServlet'
[33m14:45:51.290[0;39m [34m[http-nio-8888-exec-1][0;39m [34m[INFO ][0;39m [35m[o.s.web.servlet.DispatcherServlet][0;39m-Completed initialization in 5 ms
[33m14:45:52.238[0;39m [34m[http-nio-8888-exec-7][0;39m [34m[INFO ][0;39m [35m[o.s.api.AbstractOpenApiResource][0;39m-Init duration for springdoc-openapi is: 402 ms
[33m14:49:34.970[0;39m [34m[SpringContextShutdownHook][0;39m [34m[INFO ][0;39m [35m[o.s.s.c.ThreadPoolTaskExecutor][0;39m-Shutting down ExecutorService 'applicationTaskExecutor'
[33m14:49:39.546[0;39m [34m[main][0;39m [34m[INFO ][0;39m [35m[o.s.d.r.c.RepositoryConfigurationDelegate][0;39m-Bootstrapping Spring Data MongoDB repositories in DEFAULT mode.
[33m14:49:39.589[0;39m [34m[main][0;39m [34m[INFO ][0;39m [35m[o.s.d.r.c.RepositoryConfigurationDelegate][0;39m-Finished Spring Data repository scanning in 36ms. Found 0 MongoDB repository interfaces.
[33m14:49:39.824[0;39m [34m[main][0;39m [34m[INFO ][0;39m [35m[o.s.c.a.ConfigurationClassEnhancer][0;39m-@Bean method SpringDocConfiguration.springdocBeanFactoryPostProcessor is non-static and returns an object assignable to Spring's BeanFactoryPostProcessor interface. This will result in a failure to process annotations such as @Autowired, @Resource and @PostConstruct within the method's declaring @Configuration class. Add the 'static' modifier to this method to avoid these container lifecycle issues; see @Bean javadoc for complete details.
[33m14:49:40.201[0;39m [34m[main][0;39m [34m[INFO ][0;39m [35m[o.s.b.w.e.tomcat.TomcatWebServer][0;39m-Tomcat initialized with port(s): 8888 (http)
[33m14:49:40.209[0;39m [34m[main][0;39m [34m[INFO ][0;39m [35m[o.a.coyote.http11.Http11NioProtocol][0;39m-Initializing ProtocolHandler ["http-nio-8888"]
[33m14:49:40.210[0;39m [34m[main][0;39m [34m[INFO ][0;39m [35m[o.a.catalina.core.StandardService][0;39m-Starting service [Tomcat]
[33m14:49:40.210[0;39m [34m[main][0;39m [34m[INFO ][0;39m [35m[o.a.catalina.core.StandardEngine][0;39m-Starting Servlet engine: [Apache Tomcat/9.0.31]
[33m14:49:40.283[0;39m [34m[main][0;39m [34m[INFO ][0;39m [35m[o.a.c.c.C.[.[localhost].[/bcloud]][0;39m-Initializing Spring embedded WebApplicationContext
[33m14:49:40.283[0;39m [34m[main][0;39m [34m[INFO ][0;39m [35m[o.s.web.context.ContextLoader][0;39m-Root WebApplicationContext: initialization completed in 1378 ms
[33m14:49:40.595[0;39m [34m[main][0;39m [34m[INFO ][0;39m [35m[o.s.s.c.ThreadPoolTaskExecutor][0;39m-Initializing ExecutorService 'applicationTaskExecutor'
[33m14:49:41.190[0;39m [34m[main][0;39m [34m[INFO ][0;39m [35m[o.a.coyote.http11.Http11NioProtocol][0;39m-Starting ProtocolHandler ["http-nio-8888"]
[33m14:49:41.226[0;39m [34m[main][0;39m [34m[INFO ][0;39m [35m[o.s.b.w.e.tomcat.TomcatWebServer][0;39m-Tomcat started on port(s): 8888 (http) with context path '/bcloud'
[33m14:49:44.908[0;39m [34m[http-nio-8888-exec-1][0;39m [34m[INFO ][0;39m [35m[o.a.c.c.C.[.[localhost].[/bcloud]][0;39m-Initializing Spring DispatcherServlet 'dispatcherServlet'
[33m14:49:44.908[0;39m [34m[http-nio-8888-exec-1][0;39m [34m[INFO ][0;39m [35m[o.s.web.servlet.DispatcherServlet][0;39m-Initializing Servlet 'dispatcherServlet'
[33m14:49:44.914[0;39m [34m[http-nio-8888-exec-1][0;39m [34m[INFO ][0;39m [35m[o.s.web.servlet.DispatcherServlet][0;39m-Completed initialization in 6 ms
[33m14:50:42.525[0;39m [34m[SpringContextShutdownHook][0;39m [34m[INFO ][0;39m [35m[o.s.s.c.ThreadPoolTaskExecutor][0;39m-Shutting down ExecutorService 'applicationTaskExecutor'
[33m14:50:47.424[0;39m [34m[main][0;39m [34m[INFO ][0;39m [35m[o.s.d.r.c.RepositoryConfigurationDelegate][0;39m-Bootstrapping Spring Data MongoDB repositories in DEFAULT mode.
[33m14:50:47.458[0;39m [34m[main][0;39m [34m[INFO ][0;39m [35m[o.s.d.r.c.RepositoryConfigurationDelegate][0;39m-Finished Spring Data repository scanning in 28ms. Found 0 MongoDB repository interfaces.
[33m14:50:47.688[0;39m [34m[main][0;39m [34m[INFO ][0;39m [35m[o.s.c.a.ConfigurationClassEnhancer][0;39m-@Bean method SpringDocConfiguration.springdocBeanFactoryPostProcessor is non-static and returns an object assignable to Spring's BeanFactoryPostProcessor interface. This will result in a failure to process annotations such as @Autowired, @Resource and @PostConstruct within the method's declaring @Configuration class. Add the 'static' modifier to this method to avoid these container lifecycle issues; see @Bean javadoc for complete details.
[33m14:50:47.970[0;39m [34m[main][0;39m [34m[INFO ][0;39m [35m[o.s.b.w.e.tomcat.TomcatWebServer][0;39m-Tomcat initialized with port(s): 8888 (http)
[33m14:50:47.978[0;39m [34m[main][0;39m [34m[INFO ][0;39m [35m[o.a.coyote.http11.Http11NioProtocol][0;39m-Initializing ProtocolHandler ["http-nio-8888"]
[33m14:50:47.978[0;39m [34m[main][0;39m [34m[INFO ][0;39m [35m[o.a.catalina.core.StandardService][0;39m-Starting service [Tomcat]
[33m14:50:47.978[0;39m [34m[main][0;39m [34m[INFO ][0;39m [35m[o.a.catalina.core.StandardEngine][0;39m-Starting Servlet engine: [Apache Tomcat/9.0.31]
[33m14:50:48.060[0;39m [34m[main][0;39m [34m[INFO ][0;39m [35m[o.a.c.c.C.[.[localhost].[/bcloud]][0;39m-Initializing Spring embedded WebApplicationContext
[33m14:50:48.060[0;39m [34m[main][0;39m [34m[INFO ][0;39m [35m[o.s.web.context.ContextLoader][0;39m-Root WebApplicationContext: initialization completed in 1423 ms
[33m14:50:48.452[0;39m [34m[main][0;39m [34m[INFO ][0;39m [35m[o.s.s.c.ThreadPoolTaskExecutor][0;39m-Initializing ExecutorService 'applicationTaskExecutor'
[33m14:50:49.053[0;39m [34m[main][0;39m [34m[INFO ][0;39m [35m[o.a.coyote.http11.Http11NioProtocol][0;39m-Starting ProtocolHandler ["http-nio-8888"]
[33m14:50:49.090[0;39m [34m[main][0;39m [34m[INFO ][0;39m [35m[o.s.b.w.e.tomcat.TomcatWebServer][0;39m-Tomcat started on port(s): 8888 (http) with context path '/bcloud'
[33m14:50:50.759[0;39m [34m[http-nio-8888-exec-1][0;39m [34m[INFO ][0;39m [35m[o.a.c.c.C.[.[localhost].[/bcloud]][0;39m-Initializing Spring DispatcherServlet 'dispatcherServlet'
[33m14:50:50.760[0;39m [34m[http-nio-8888-exec-1][0;39m [34m[INFO ][0;39m [35m[o.s.web.servlet.DispatcherServlet][0;39m-Initializing Servlet 'dispatcherServlet'
[33m14:50:50.766[0;39m [34m[http-nio-8888-exec-1][0;39m [34m[INFO ][0;39m [35m[o.s.web.servlet.DispatcherServlet][0;39m-Completed initialization in 6 ms
[33m14:50:51.423[0;39m [34m[http-nio-8888-exec-5][0;39m [34m[INFO ][0;39m [35m[o.s.api.AbstractOpenApiResource][0;39m-Init duration for springdoc-openapi is: 368 ms
[33m14:51:25.626[0;39m [34m[http-nio-8888-exec-7][0;39m [34m[INFO ][0;39m [35m[o.s.api.AbstractOpenApiResource][0;39m-Init duration for springdoc-openapi is: 155 ms
[33m15:00:32.535[0;39m [34m[SpringContextShutdownHook][0;39m [34m[INFO ][0;39m [35m[o.s.s.c.ThreadPoolTaskExecutor][0;39m-Shutting down ExecutorService 'applicationTaskExecutor'
[33m15:02:33.682[0;39m [34m[main][0;39m [34m[INFO ][0;39m [35m[o.s.d.r.c.RepositoryConfigurationDelegate][0;39m-Bootstrapping Spring Data MongoDB repositories in DEFAULT mode.
[33m15:02:33.721[0;39m [34m[main][0;39m [34m[INFO ][0;39m [35m[o.s.d.r.c.RepositoryConfigurationDelegate][0;39m-Finished Spring Data repository scanning in 28ms. Found 0 MongoDB repository interfaces.
[33m15:02:33.922[0;39m [34m[main][0;39m [34m[INFO ][0;39m [35m[o.s.c.a.ConfigurationClassEnhancer][0;39m-@Bean method SpringDocConfiguration.springdocBeanFactoryPostProcessor is non-static and returns an object assignable to Spring's BeanFactoryPostProcessor interface. This will result in a failure to process annotations such as @Autowired, @Resource and @PostConstruct within the method's declaring @Configuration class. Add the 'static' modifier to this method to avoid these container lifecycle issues; see @Bean javadoc for complete details.
[33m15:02:34.222[0;39m [34m[main][0;39m [34m[INFO ][0;39m [35m[o.s.b.w.e.tomcat.TomcatWebServer][0;39m-Tomcat initialized with port(s): 8888 (http)
[33m15:02:34.234[0;39m [34m[main][0;39m [34m[INFO ][0;39m [35m[o.a.coyote.http11.Http11NioProtocol][0;39m-Initializing ProtocolHandler ["http-nio-8888"]
[33m15:02:34.235[0;39m [34m[main][0;39m [34m[INFO ][0;39m [35m[o.a.catalina.core.StandardService][0;39m-Starting service [Tomcat]
[33m15:02:34.235[0;39m [34m[main][0;39m [34m[INFO ][0;39m [35m[o.a.catalina.core.StandardEngine][0;39m-Starting Servlet engine: [Apache Tomcat/9.0.31]
[33m15:02:34.323[0;39m [34m[main][0;39m [34m[INFO ][0;39m [35m[o.a.c.c.C.[.[localhost].[/bcloud]][0;39m-Initializing Spring embedded WebApplicationContext
[33m15:02:34.323[0;39m [34m[main][0;39m [34m[INFO ][0;39m [35m[o.s.web.context.ContextLoader][0;39m-Root WebApplicationContext: initialization completed in 1355 ms
[33m15:02:34.756[0;39m [34m[main][0;39m [34m[INFO ][0;39m [35m[o.s.s.c.ThreadPoolTaskExecutor][0;39m-Initializing ExecutorService 'applicationTaskExecutor'
[33m15:02:35.333[0;39m [34m[main][0;39m [34m[INFO ][0;39m [35m[o.a.coyote.http11.Http11NioProtocol][0;39m-Starting ProtocolHandler ["http-nio-8888"]
[33m15:02:35.373[0;39m [34m[main][0;39m [34m[INFO ][0;39m [35m[o.s.b.w.e.tomcat.TomcatWebServer][0;39m-Tomcat started on port(s): 8888 (http) with context path '/bcloud'
[33m15:02:51.988[0;39m [34m[http-nio-8888-exec-1][0;39m [34m[INFO ][0;39m [35m[o.a.c.c.C.[.[localhost].[/bcloud]][0;39m-Initializing Spring DispatcherServlet 'dispatcherServlet'
[33m15:02:51.993[0;39m [34m[http-nio-8888-exec-1][0;39m [34m[INFO ][0;39m [35m[o.s.web.servlet.DispatcherServlet][0;39m-Initializing Servlet 'dispatcherServlet'
[33m15:02:52.003[0;39m [34m[http-nio-8888-exec-1][0;39m [34m[INFO ][0;39m [35m[o.s.web.servlet.DispatcherServlet][0;39m-Completed initialization in 10 ms
[33m15:02:52.627[0;39m [34m[http-nio-8888-exec-1][0;39m [34m[INFO ][0;39m [35m[o.s.api.AbstractOpenApiResource][0;39m-Init duration for springdoc-openapi is: 581 ms
[33m15:08:19.865[0;39m [34m[SpringContextShutdownHook][0;39m [34m[INFO ][0;39m [35m[o.s.s.c.ThreadPoolTaskExecutor][0;39m-Shutting down ExecutorService 'applicationTaskExecutor'
[33m15:08:25.751[0;39m [34m[main][0;39m [34m[INFO ][0;39m [35m[o.s.d.r.c.RepositoryConfigurationDelegate][0;39m-Bootstrapping Spring Data MongoDB repositories in DEFAULT mode.
[33m15:08:25.792[0;39m [34m[main][0;39m [34m[INFO ][0;39m [35m[o.s.d.r.c.RepositoryConfigurationDelegate][0;39m-Finished Spring Data repository scanning in 33ms. Found 0 MongoDB repository interfaces.
[33m15:08:26.007[0;39m [34m[main][0;39m [34m[INFO ][0;39m [35m[o.s.c.a.ConfigurationClassEnhancer][0;39m-@Bean method SpringDocConfiguration.springdocBeanFactoryPostProcessor is non-static and returns an object assignable to Spring's BeanFactoryPostProcessor interface. This will result in a failure to process annotations such as @Autowired, @Resource and @PostConstruct within the method's declaring @Configuration class. Add the 'static' modifier to this method to avoid these container lifecycle issues; see @Bean javadoc for complete details.
[33m15:08:26.282[0;39m [34m[main][0;39m [34m[INFO ][0;39m [35m[o.s.b.w.e.tomcat.TomcatWebServer][0;39m-Tomcat initialized with port(s): 8888 (http)
[33m15:08:26.293[0;39m [34m[main][0;39m [34m[INFO ][0;39m [35m[o.a.coyote.http11.Http11NioProtocol][0;39m-Initializing ProtocolHandler ["http-nio-8888"]
[33m15:08:26.294[0;39m [34m[main][0;39m [34m[INFO ][0;39m [35m[o.a.catalina.core.StandardService][0;39m-Starting service [Tomcat]
[33m15:08:26.295[0;39m [34m[main][0;39m [34m[INFO ][0;39m [35m[o.a.catalina.core.StandardEngine][0;39m-Starting Servlet engine: [Apache Tomcat/9.0.31]
[33m15:08:26.389[0;39m [34m[main][0;39m [34m[INFO ][0;39m [35m[o.a.c.c.C.[.[localhost].[/bcloud]][0;39m-Initializing Spring embedded WebApplicationContext
[33m15:08:26.389[0;39m [34m[main][0;39m [34m[INFO ][0;39m [35m[o.s.web.context.ContextLoader][0;39m-Root WebApplicationContext: initialization completed in 1304 ms
[33m15:08:26.807[0;39m [34m[main][0;39m [34m[INFO ][0;39m [35m[o.s.s.c.ThreadPoolTaskExecutor][0;39m-Initializing ExecutorService 'applicationTaskExecutor'
[33m15:08:27.449[0;39m [34m[main][0;39m [34m[INFO ][0;39m [35m[o.a.coyote.http11.Http11NioProtocol][0;39m-Starting ProtocolHandler ["http-nio-8888"]
[33m15:08:27.493[0;39m [34m[main][0;39m [34m[INFO ][0;39m [35m[o.s.b.w.e.tomcat.TomcatWebServer][0;39m-Tomcat started on port(s): 8888 (http) with context path '/bcloud'
[33m15:14:50.581[0;39m [34m[http-nio-8888-exec-1][0;39m [34m[INFO ][0;39m [35m[o.a.c.c.C.[.[localhost].[/bcloud]][0;39m-Initializing Spring DispatcherServlet 'dispatcherServlet'
[33m15:14:50.584[0;39m [34m[http-nio-8888-exec-1][0;39m [34m[INFO ][0;39m [35m[o.s.web.servlet.DispatcherServlet][0;39m-Initializing Servlet 'dispatcherServlet'
[33m15:14:50.618[0;39m [34m[http-nio-8888-exec-1][0;39m [34m[INFO ][0;39m [35m[o.s.web.servlet.DispatcherServlet][0;39m-Completed initialization in 33 ms
[33m15:14:51.571[0;39m [34m[http-nio-8888-exec-1][0;39m [34m[INFO ][0;39m [35m[o.s.api.AbstractOpenApiResource][0;39m-Init duration for springdoc-openapi is: 876 ms
[33m18:09:24.504[0;39m [34m[SpringContextShutdownHook][0;39m [34m[INFO ][0;39m [35m[o.s.s.c.ThreadPoolTaskExecutor][0;39m-Shutting down ExecutorService 'applicationTaskExecutor'
